<?xml version="1.0" encoding="UTF-8"?>
<!-- Generated by org.testng.reporters.JUnitReportReporter -->
<testsuite hostname="DESKTOP-NTBE7P3" name="test_flight_feature.Topheadergettext" tests="1" failures="0" timestamp="26 May 2019 17:29:10 GMT" time="6.018" errors="0">
  <testcase name="hh" time="6.018" classname="test_flight_feature.Topheadergettext"/>
</testsuite> <!-- test_flight_feature.Topheadergettext -->
