<?xml version="1.0" encoding="UTF-8"?>
<!-- Generated by org.testng.reporters.JUnitReportReporter -->
<testsuite hostname="DESKTOP-NTBE7P3" name="test_flight_feature.VerifyUrl" tests="1" failures="0" timestamp="26 May 2019 17:38:51 GMT" time="0.083" errors="0">
  <testcase name="cc" time="0.083" classname="test_flight_feature.VerifyUrl"/>
</testsuite> <!-- test_flight_feature.VerifyUrl -->
