<?xml version="1.0" encoding="UTF-8"?>
<!-- Generated by org.testng.reporters.JUnitReportReporter -->
<testsuite hostname="DESKTOP-NTBE7P3" name="test_flight_feature.AddProperty" tests="1" failures="0" timestamp="26 May 2019 14:20:54 GMT" time="2.357" errors="0">
  <testcase name="we" time="2.357" classname="test_flight_feature.AddProperty"/>
</testsuite> <!-- test_flight_feature.AddProperty -->
